This file contains any messages produced by compilers while
running configure, to aid debugging if configure makes a mistake.

It was created by configure, which was
generated by GNU Autoconf 2.69.  Invocation command line was

  $ ./configure 

## --------- ##
## Platform. ##
## --------- ##

hostname = kunlakans-MacBook-Pro.local
uname -m = x86_64
uname -r = 15.3.0
uname -s = Darwin
uname -v = Darwin Kernel Version 15.3.0: Thu Dec 10 18:40:58 PST 2015; root:xnu-3248.30.4~1/RELEASE_X86_64

/usr/bin/uname -p = i386
/bin/uname -X     = unknown

/bin/arch              = unknown
/usr/bin/arch -k       = unknown
/usr/convex/getsysinfo = unknown
/usr/bin/hostinfo      = Mach kernel version:
	 Darwin Kernel Version 15.3.0: Thu Dec 10 18:40:58 PST 2015; root:xnu-3248.30.4~1/RELEASE_X86_64
Kernel configured for up to 4 processors.
2 processors are physically available.
4 processors are logically available.
Processor type: x86_64h (Intel x86-64h Haswell)
Processors active: 0 1 2 3
Primary memory available: 8.00 gigabytes
Default processor set: 217 tasks, 950 threads, 4 processors
Load average: 3.86, Mach factor: 2.00
/bin/machine           = unknown
/usr/bin/oslevel       = unknown
/bin/universe          = unknown

PATH: /Library/Frameworks/Python.framework/Versions/2.7/bin
PATH: /Library/Frameworks/Python.framework/Versions/3.5/bin
PATH: /usr/local/bin
PATH: /usr/bin
PATH: /bin
PATH: /usr/sbin
PATH: /sbin
PATH: /opt/X11/bin


## ----------- ##
## Core tests. ##
## ----------- ##

configure:2447: checking build system type
configure:2461: result: x86_64-apple-darwin15.3.0
configure:2481: checking host system type
configure:2494: result: x86_64-apple-darwin15.3.0
configure:2564: checking for gcc
configure:2580: found /usr/bin/gcc
configure:2591: result: gcc
configure:2820: checking for C compiler version
configure:2829: gcc --version >&5
Apple LLVM version 7.3.0 (clang-703.0.31)
Target: x86_64-apple-darwin15.3.0
Thread model: posix
InstalledDir: /Applications/Xcode.app/Contents/Developer/Toolchains/XcodeDefault.xctoolchain/usr/bin
Configured with: --prefix=/Applications/Xcode.app/Contents/Developer/usr --with-gxx-include-dir=/Applications/Xcode.app/Contents/Developer/Platforms/MacOSX.platform/Developer/SDKs/MacOSX10.11.sdk/usr/include/c++/4.2.1
configure:2840: $? = 0
configure:2829: gcc -v >&5
Configured with: --prefix=/Applications/Xcode.app/Contents/Developer/usr --with-gxx-include-dir=/Applications/Xcode.app/Contents/Developer/Platforms/MacOSX.platform/Developer/SDKs/MacOSX10.11.sdk/usr/include/c++/4.2.1
Apple LLVM version 7.3.0 (clang-703.0.31)
Target: x86_64-apple-darwin15.3.0
Thread model: posix
InstalledDir: /Applications/Xcode.app/Contents/Developer/Toolchains/XcodeDefault.xctoolchain/usr/bin
configure:2840: $? = 0
configure:2829: gcc -V >&5
clang: error: argument to '-V' is missing (expected 1 value)
clang: error: no input files
configure:2840: $? = 1
configure:2829: gcc -qversion >&5
clang: error: unknown argument: '-qversion'
clang: error: no input files
configure:2840: $? = 1
configure:2860: checking whether the C compiler works
configure:2882: gcc    conftest.c  >&5
configure:2886: $? = 0
configure:2934: result: yes
configure:2937: checking for C compiler default output file name
configure:2939: result: a.out
configure:2945: checking for suffix of executables
configure:2952: gcc -o conftest    conftest.c  >&5
configure:2956: $? = 0
configure:2978: result: 
configure:3000: checking whether we are cross compiling
configure:3008: gcc -o conftest    conftest.c  >&5
configure:3012: $? = 0
configure:3019: ./conftest
configure:3023: $? = 0
configure:3038: result: no
configure:3043: checking for suffix of object files
configure:3065: gcc -c   conftest.c >&5
configure:3069: $? = 0
configure:3090: result: o
configure:3094: checking whether we are using the GNU C compiler
configure:3113: gcc -c   conftest.c >&5
configure:3113: $? = 0
configure:3122: result: yes
configure:3131: checking whether gcc accepts -g
configure:3151: gcc -c -g  conftest.c >&5
configure:3151: $? = 0
configure:3192: result: yes
configure:3209: checking for gcc option to accept ISO C89
configure:3272: gcc  -c -g -O2  conftest.c >&5
configure:3272: $? = 0
configure:3285: result: none needed
configure:3315: checking for special C compiler options needed for large files
configure:3360: result: no
configure:3366: checking for _FILE_OFFSET_BITS value needed for large files
configure:3391: gcc -c   conftest.c >&5
configure:3391: $? = 0
configure:3423: result: no
configure:3574: checking if gcc supports -O4 -Werror flags
configure:3585: gcc -o conftest -O4 -Werror   conftest.c  >&5
clang: error: -O4 is equivalent to -O3
configure:3585: $? = 1
configure: program exited with status 1
configure: failed program was:
| /* confdefs.h */
| #define PACKAGE_NAME ""
| #define PACKAGE_TARNAME ""
| #define PACKAGE_VERSION ""
| #define PACKAGE_STRING ""
| #define PACKAGE_BUGREPORT ""
| #define PACKAGE_URL ""
| /* end confdefs.h.  */
| main(){exit(0);}
configure:3595: result: no
configure:3603: checking if gcc supports -O3 flags
configure:3614: gcc -o conftest -O3   conftest.c  >&5
conftest.c:9:1: warning: type specifier missing, defaults to 'int' [-Wimplicit-int]
main(){exit(0);}
^
conftest.c:9:8: warning: implicitly declaring library function 'exit' with type 'void (int) __attribute__((noreturn))' [-Wimplicit-function-declaration]
main(){exit(0);}
       ^
conftest.c:9:8: note: include the header <stdlib.h> or explicitly provide a declaration for 'exit'
2 warnings generated.
configure:3614: $? = 0
configure:3614: ./conftest
configure:3614: $? = 0
configure:3624: result: yes
configure:4178: checking for sys/wait.h that is POSIX.1 compatible
configure:4204: gcc -c  -O3  conftest.c >&5
configure:4204: $? = 0
configure:4211: result: yes
configure:4224: checking how to run the C preprocessor
configure:4255: gcc -E  conftest.c
configure:4255: $? = 0
configure:4269: gcc -E  conftest.c
conftest.c:10:10: fatal error: 'ac_nonexistent.h' file not found
#include <ac_nonexistent.h>
         ^
1 error generated.
configure:4269: $? = 1
configure: failed program was:
| /* confdefs.h */
| #define PACKAGE_NAME ""
| #define PACKAGE_TARNAME ""
| #define PACKAGE_VERSION ""
| #define PACKAGE_STRING ""
| #define PACKAGE_BUGREPORT ""
| #define PACKAGE_URL ""
| #define HAVE_SYS_WAIT_H 1
| /* end confdefs.h.  */
| #include <ac_nonexistent.h>
configure:4294: result: gcc -E
configure:4314: gcc -E  conftest.c
configure:4314: $? = 0
configure:4328: gcc -E  conftest.c
conftest.c:10:10: fatal error: 'ac_nonexistent.h' file not found
#include <ac_nonexistent.h>
         ^
1 error generated.
configure:4328: $? = 1
configure: failed program was:
| /* confdefs.h */
| #define PACKAGE_NAME ""
| #define PACKAGE_TARNAME ""
| #define PACKAGE_VERSION ""
| #define PACKAGE_STRING ""
| #define PACKAGE_BUGREPORT ""
| #define PACKAGE_URL ""
| #define HAVE_SYS_WAIT_H 1
| /* end confdefs.h.  */
| #include <ac_nonexistent.h>
configure:4357: checking for grep that handles long lines and -e
configure:4415: result: /usr/bin/grep
configure:4420: checking for egrep
configure:4482: result: /usr/bin/grep -E
configure:4487: checking for ANSI C header files
configure:4507: gcc -c  -O3  conftest.c >&5
configure:4507: $? = 0
configure:4580: gcc -o conftest  -O3   conftest.c  >&5
configure:4580: $? = 0
configure:4580: ./conftest
configure:4580: $? = 0
configure:4591: result: yes
configure:4604: checking for sys/types.h
configure:4604: gcc -c  -O3  conftest.c >&5
configure:4604: $? = 0
configure:4604: result: yes
configure:4604: checking for sys/stat.h
configure:4604: gcc -c  -O3  conftest.c >&5
configure:4604: $? = 0
configure:4604: result: yes
configure:4604: checking for stdlib.h
configure:4604: gcc -c  -O3  conftest.c >&5
configure:4604: $? = 0
configure:4604: result: yes
configure:4604: checking for string.h
configure:4604: gcc -c  -O3  conftest.c >&5
configure:4604: $? = 0
configure:4604: result: yes
configure:4604: checking for memory.h
configure:4604: gcc -c  -O3  conftest.c >&5
configure:4604: $? = 0
configure:4604: result: yes
configure:4604: checking for strings.h
configure:4604: gcc -c  -O3  conftest.c >&5
configure:4604: $? = 0
configure:4604: result: yes
configure:4604: checking for inttypes.h
configure:4604: gcc -c  -O3  conftest.c >&5
configure:4604: $? = 0
configure:4604: result: yes
configure:4604: checking for stdint.h
configure:4604: gcc -c  -O3  conftest.c >&5
configure:4604: $? = 0
configure:4604: result: yes
configure:4604: checking for unistd.h
configure:4604: gcc -c  -O3  conftest.c >&5
configure:4604: $? = 0
configure:4604: result: yes
configure:4619: checking signal.h usability
configure:4619: gcc -c  -O3  conftest.c >&5
configure:4619: $? = 0
configure:4619: result: yes
configure:4619: checking signal.h presence
configure:4619: gcc -E  conftest.c
configure:4619: $? = 0
configure:4619: result: yes
configure:4619: checking for signal.h
configure:4619: result: yes
configure:4619: checking stddef.h usability
configure:4619: gcc -c  -O3  conftest.c >&5
configure:4619: $? = 0
configure:4619: result: yes
configure:4619: checking stddef.h presence
configure:4619: gcc -E  conftest.c
configure:4619: $? = 0
configure:4619: result: yes
configure:4619: checking for stddef.h
configure:4619: result: yes
configure:4619: checking for unistd.h
configure:4619: result: yes
configure:4619: checking for sys/types.h
configure:4619: result: yes
configure:4619: checking for sys/wait.h
configure:4619: result: yes
configure:4619: checking for stdlib.h
configure:4619: result: yes
configure:4619: checking for string.h
configure:4619: result: yes
configure:4619: checking errno.h usability
configure:4619: gcc -c  -O3  conftest.c >&5
configure:4619: $? = 0
configure:4619: result: yes
configure:4619: checking errno.h presence
configure:4619: gcc -E  conftest.c
configure:4619: $? = 0
configure:4619: result: yes
configure:4619: checking for errno.h
configure:4619: result: yes
configure:4619: checking pthread.h usability
configure:4619: gcc -c  -O3  conftest.c >&5
configure:4619: $? = 0
configure:4619: result: yes
configure:4619: checking pthread.h presence
configure:4619: gcc -E  conftest.c
configure:4619: $? = 0
configure:4619: result: yes
configure:4619: checking for pthread.h
configure:4619: result: yes
configure:4684: checking for pid_t
configure:4684: gcc -c  -O3  conftest.c >&5
configure:4684: $? = 0
configure:4684: gcc -c  -O3  conftest.c >&5
conftest.c:65:20: error: expected expression
if (sizeof ((pid_t)))
                   ^
1 error generated.
configure:4684: $? = 1
configure: failed program was:
| /* confdefs.h */
| #define PACKAGE_NAME ""
| #define PACKAGE_TARNAME ""
| #define PACKAGE_VERSION ""
| #define PACKAGE_STRING ""
| #define PACKAGE_BUGREPORT ""
| #define PACKAGE_URL ""
| #define HAVE_SYS_WAIT_H 1
| #define STDC_HEADERS 1
| #define HAVE_SYS_TYPES_H 1
| #define HAVE_SYS_STAT_H 1
| #define HAVE_STDLIB_H 1
| #define HAVE_STRING_H 1
| #define HAVE_MEMORY_H 1
| #define HAVE_STRINGS_H 1
| #define HAVE_INTTYPES_H 1
| #define HAVE_STDINT_H 1
| #define HAVE_UNISTD_H 1
| #define HAVE_SIGNAL_H 1
| #define HAVE_STDDEF_H 1
| #define HAVE_UNISTD_H 1
| #define HAVE_SYS_TYPES_H 1
| #define HAVE_SYS_WAIT_H 1
| #define HAVE_STDLIB_H 1
| #define HAVE_STRING_H 1
| #define HAVE_ERRNO_H 1
| #define HAVE_PTHREAD_H 1
| /* end confdefs.h.  */
| #include <stdio.h>
| #ifdef HAVE_SYS_TYPES_H
| # include <sys/types.h>
| #endif
| #ifdef HAVE_SYS_STAT_H
| # include <sys/stat.h>
| #endif
| #ifdef STDC_HEADERS
| # include <stdlib.h>
| # include <stddef.h>
| #else
| # ifdef HAVE_STDLIB_H
| #  include <stdlib.h>
| # endif
| #endif
| #ifdef HAVE_STRING_H
| # if !defined STDC_HEADERS && defined HAVE_MEMORY_H
| #  include <memory.h>
| # endif
| # include <string.h>
| #endif
| #ifdef HAVE_STRINGS_H
| # include <strings.h>
| #endif
| #ifdef HAVE_INTTYPES_H
| # include <inttypes.h>
| #endif
| #ifdef HAVE_STDINT_H
| # include <stdint.h>
| #endif
| #ifdef HAVE_UNISTD_H
| # include <unistd.h>
| #endif
| int
| main ()
| {
| if (sizeof ((pid_t)))
| 	    return 0;
|   ;
|   return 0;
| }
configure:4684: result: yes
configure:4702: checking if malloc is declared in stdlib.h or malloc.h
configure:4733: result: 1
configure:4736: checking if ftell is declared in stdio.h
configure:4752: result: 1
configure:4755: checking if fdopen is declared in stdio.h
configure:4771: result: 1
configure:4774: checking if popen is declared in stdio.h
configure:4790: result: 1
configure:4793: checking if putenv is declared in stdlib.h
configure:4809: result: 1
configure:4812: checking if setenv is declared in stdlib.h
configure:4828: result: 1
configure:4831: checking if INFINITY is declared in math.h
configure:4851: result: 1
configure:4858: checking size of int
configure:4863: gcc -o conftest  -O3   conftest.c  >&5
configure:4863: $? = 0
configure:4863: ./conftest
configure:4863: $? = 0
configure:4877: result: 4
configure:4892: checking size of long
configure:4897: gcc -o conftest  -O3   conftest.c  >&5
configure:4897: $? = 0
configure:4897: ./conftest
configure:4897: $? = 0
configure:4911: result: 8
configure:4926: checking size of long long
configure:4931: gcc -o conftest  -O3   conftest.c  >&5
configure:4931: $? = 0
configure:4931: ./conftest
configure:4931: $? = 0
configure:4945: result: 8
configure:4960: checking size of __int128_t
configure:4965: gcc -o conftest  -O3   conftest.c  >&5
configure:4965: $? = 0
configure:4965: ./conftest
configure:4965: $? = 0
configure:4979: result: 16
configure:5005: checking for an ANSI C-conforming const
configure:5071: gcc -c  -O3  conftest.c >&5
configure:5071: $? = 0
configure:5078: result: yes
configure:5093: checking for isatty
configure:5093: gcc -o conftest  -O3   conftest.c  >&5
configure:5093: $? = 0
configure:5093: result: yes
configure:5101: checking for time
configure:5101: gcc -o conftest  -O3   conftest.c  >&5
configure:5101: $? = 0
configure:5101: result: yes
configure:5109: checking for gettimeofday
configure:5109: gcc -o conftest  -O3   conftest.c  >&5
configure:5109: $? = 0
configure:5109: result: yes
configure:5117: checking for times
configure:5117: gcc -o conftest  -O3   conftest.c  >&5
configure:5117: $? = 0
configure:5117: result: yes
configure:5125: checking for getrusage
configure:5125: gcc -o conftest  -O3   conftest.c  >&5
configure:5125: $? = 0
configure:5125: result: yes
configure:5133: checking for perror
configure:5133: gcc -o conftest  -O3   conftest.c  >&5
configure:5133: $? = 0
configure:5133: result: yes
configure:5141: checking for pipe
configure:5141: gcc -o conftest  -O3   conftest.c  >&5
configure:5141: $? = 0
configure:5141: result: yes
configure:5149: checking for wait
configure:5149: gcc -o conftest  -O3   conftest.c  >&5
configure:5149: $? = 0
configure:5149: result: yes
configure:5157: checking for popen
configure:5157: gcc -o conftest  -O3   conftest.c  >&5
configure:5157: $? = 0
configure:5157: result: yes
configure:5165: checking for putenv
configure:5165: gcc -o conftest  -O3   conftest.c  >&5
configure:5165: $? = 0
configure:5165: result: yes
configure:5173: checking for setenv
configure:5173: gcc -o conftest  -O3   conftest.c  >&5
configure:5173: $? = 0
configure:5173: result: yes
configure:5183: checking vfork.h usability
configure:5183: gcc -c  -O3  conftest.c >&5
conftest.c:66:10: fatal error: 'vfork.h' file not found
#include <vfork.h>
         ^
1 error generated.
configure:5183: $? = 1
configure: failed program was:
| /* confdefs.h */
| #define PACKAGE_NAME ""
| #define PACKAGE_TARNAME ""
| #define PACKAGE_VERSION ""
| #define PACKAGE_STRING ""
| #define PACKAGE_BUGREPORT ""
| #define PACKAGE_URL ""
| #define HAVE_SYS_WAIT_H 1
| #define STDC_HEADERS 1
| #define HAVE_SYS_TYPES_H 1
| #define HAVE_SYS_STAT_H 1
| #define HAVE_STDLIB_H 1
| #define HAVE_STRING_H 1
| #define HAVE_MEMORY_H 1
| #define HAVE_STRINGS_H 1
| #define HAVE_INTTYPES_H 1
| #define HAVE_STDINT_H 1
| #define HAVE_UNISTD_H 1
| #define HAVE_SIGNAL_H 1
| #define HAVE_STDDEF_H 1
| #define HAVE_UNISTD_H 1
| #define HAVE_SYS_TYPES_H 1
| #define HAVE_SYS_WAIT_H 1
| #define HAVE_STDLIB_H 1
| #define HAVE_STRING_H 1
| #define HAVE_ERRNO_H 1
| #define HAVE_PTHREAD_H 1
| #define SIZEOF_INT 4
| #define SIZEOF_LONG 8
| #define SIZEOF_LONG_LONG 8
| #define SIZEOF___INT128_T 16
| /* end confdefs.h.  */
| #include <stdio.h>
| #ifdef HAVE_SYS_TYPES_H
| # include <sys/types.h>
| #endif
| #ifdef HAVE_SYS_STAT_H
| # include <sys/stat.h>
| #endif
| #ifdef STDC_HEADERS
| # include <stdlib.h>
| # include <stddef.h>
| #else
| # ifdef HAVE_STDLIB_H
| #  include <stdlib.h>
| # endif
| #endif
| #ifdef HAVE_STRING_H
| # if !defined STDC_HEADERS && defined HAVE_MEMORY_H
| #  include <memory.h>
| # endif
| # include <string.h>
| #endif
| #ifdef HAVE_STRINGS_H
| # include <strings.h>
| #endif
| #ifdef HAVE_INTTYPES_H
| # include <inttypes.h>
| #endif
| #ifdef HAVE_STDINT_H
| # include <stdint.h>
| #endif
| #ifdef HAVE_UNISTD_H
| # include <unistd.h>
| #endif
| #include <vfork.h>
configure:5183: result: no
configure:5183: checking vfork.h presence
configure:5183: gcc -E  conftest.c
conftest.c:33:10: fatal error: 'vfork.h' file not found
#include <vfork.h>
         ^
1 error generated.
configure:5183: $? = 1
configure: failed program was:
| /* confdefs.h */
| #define PACKAGE_NAME ""
| #define PACKAGE_TARNAME ""
| #define PACKAGE_VERSION ""
| #define PACKAGE_STRING ""
| #define PACKAGE_BUGREPORT ""
| #define PACKAGE_URL ""
| #define HAVE_SYS_WAIT_H 1
| #define STDC_HEADERS 1
| #define HAVE_SYS_TYPES_H 1
| #define HAVE_SYS_STAT_H 1
| #define HAVE_STDLIB_H 1
| #define HAVE_STRING_H 1
| #define HAVE_MEMORY_H 1
| #define HAVE_STRINGS_H 1
| #define HAVE_INTTYPES_H 1
| #define HAVE_STDINT_H 1
| #define HAVE_UNISTD_H 1
| #define HAVE_SIGNAL_H 1
| #define HAVE_STDDEF_H 1
| #define HAVE_UNISTD_H 1
| #define HAVE_SYS_TYPES_H 1
| #define HAVE_SYS_WAIT_H 1
| #define HAVE_STDLIB_H 1
| #define HAVE_STRING_H 1
| #define HAVE_ERRNO_H 1
| #define HAVE_PTHREAD_H 1
| #define SIZEOF_INT 4
| #define SIZEOF_LONG 8
| #define SIZEOF_LONG_LONG 8
| #define SIZEOF___INT128_T 16
| /* end confdefs.h.  */
| #include <vfork.h>
configure:5183: result: no
configure:5183: checking for vfork.h
configure:5183: result: no
configure:5196: checking for fork
configure:5196: gcc -o conftest  -O3   conftest.c  >&5
configure:5196: $? = 0
configure:5196: result: yes
configure:5196: checking for vfork
configure:5196: gcc -o conftest  -O3   conftest.c  >&5
conftest.c:57:6: warning: incompatible redeclaration of library function 'vfork' [-Wincompatible-library-redeclaration]
char vfork ();
     ^
conftest.c:57:6: note: 'vfork' is a builtin with type 'int (void)'
1 warning generated.
configure:5196: $? = 0
configure:5196: result: yes
configure:5206: checking for working fork
configure:5228: gcc -o conftest  -O3   conftest.c  >&5
configure:5228: $? = 0
configure:5228: ./conftest
configure:5228: $? = 0
configure:5238: result: yes
configure:5259: checking for working vfork
configure:5369: result: yes
configure:5401: checking for fseeko
configure:5401: gcc -o conftest  -O3   conftest.c  >&5
configure:5401: $? = 0
configure:5401: result: yes
configure:5409: checking for sigaction
configure:5409: gcc -o conftest  -O3   conftest.c  >&5
configure:5409: $? = 0
configure:5409: result: yes
configure:5417: checking for sigprocmask
configure:5417: gcc -o conftest  -O3   conftest.c  >&5
configure:5417: $? = 0
configure:5417: result: yes
configure:5427: checking if popcnt instruction is available and requested
configure:5448: result: 1
configure:5499: checking if __builtin_popcount() is supported
configure:5505: gcc -o conftest  -O3 -mpopcnt   conftest.c  >&5
conftest.c:37:1: warning: type specifier missing, defaults to 'int' [-Wimplicit-int]
main(){unsigned int x; x = __builtin_popcount(x);}
^
1 warning generated.
configure:5505: $? = 0
configure:5512: result: 1
configure:5514: checking if __builtin_popcountl() is supported
configure:5520: gcc -o conftest  -O3 -mpopcnt   conftest.c  >&5
conftest.c:37:1: warning: type specifier missing, defaults to 'int' [-Wimplicit-int]
main(){unsigned long x; x = __builtin_popcountl(x);}
^
1 warning generated.
configure:5520: $? = 0
configure:5527: result: 1
configure:5529: checking if __builtin_popcountll() is supported
configure:5535: gcc -o conftest  -O3 -mpopcnt   conftest.c  >&5
conftest.c:37:1: warning: type specifier missing, defaults to 'int' [-Wimplicit-int]
main(){unsigned long long x; x = __builtin_popcountll(x);}
^
1 warning generated.
configure:5535: $? = 0
configure:5542: result: 1
configure:5568: checking if __builtin_clz() is supported
configure:5574: gcc -o conftest  -O3   conftest.c  >&5
conftest.c:37:1: warning: type specifier missing, defaults to 'int' [-Wimplicit-int]
main(){unsigned int x; x = __builtin_clz(x);}
^
1 warning generated.
configure:5574: $? = 0
configure:5581: result: 1
configure:5583: checking if __builtin_clzl() is supported
configure:5589: gcc -o conftest  -O3   conftest.c  >&5
conftest.c:37:1: warning: type specifier missing, defaults to 'int' [-Wimplicit-int]
main(){unsigned long x; x = __builtin_clzl(x);}
^
1 warning generated.
configure:5589: $? = 0
configure:5596: result: 1
configure:5598: checking if __builtin_clzll() is supported
configure:5604: gcc -o conftest  -O3   conftest.c  >&5
conftest.c:37:1: warning: type specifier missing, defaults to 'int' [-Wimplicit-int]
main(){unsigned long long x; x = __builtin_clzll(x);}
^
1 warning generated.
configure:5604: $? = 0
configure:5611: result: 1
configure:5625: checking for pthread_create
configure:5625: gcc -o conftest  -O3   conftest.c  >&5
configure:5625: $? = 0
configure:5625: result: yes
configure:5698: checking for getc_unlocked
configure:5698: gcc -o conftest  -O3   conftest.c  >&5
configure:5698: $? = 0
configure:5698: result: yes
configure:5705: checking for flockfile
configure:5705: gcc -o conftest  -O3   conftest.c  >&5
configure:5705: $? = 0
configure:5705: result: yes
configure:5890: checking for gsort
configure:5920: result: no
configure:5890: checking for sort
configure:5906: found /usr/bin/sort
configure:5917: result: sort
configure:5931: checking if sort supports the -k switch
configure:5939: result: 1
configure:6097: creating ./config.status

## ---------------------- ##
## Running config.status. ##
## ---------------------- ##

This file was extended by config.status, which was
generated by GNU Autoconf 2.69.  Invocation command line was

  CONFIG_FILES    = 
  CONFIG_HEADERS  = 
  CONFIG_LINKS    = 
  CONFIG_COMMANDS = 
  $ ./config.status 

on kunlakans-MacBook-Pro.local

config.status:798: creating makefile
config.status:798: creating nauty.h
config.status:798: creating naututil.h
config.status:798: creating gtools.h

## ---------------- ##
## Cache variables. ##
## ---------------- ##

ac_cv_build=x86_64-apple-darwin15.3.0
ac_cv_c_compiler_gnu=yes
ac_cv_c_const=yes
ac_cv_env_CC_set=
ac_cv_env_CC_value=
ac_cv_env_CFLAGS_set=
ac_cv_env_CFLAGS_value=
ac_cv_env_CPPFLAGS_set=
ac_cv_env_CPPFLAGS_value=
ac_cv_env_CPP_set=
ac_cv_env_CPP_value=
ac_cv_env_LDFLAGS_set=
ac_cv_env_LDFLAGS_value=
ac_cv_env_LIBS_set=
ac_cv_env_LIBS_value=
ac_cv_env_build_alias_set=
ac_cv_env_build_alias_value=
ac_cv_env_host_alias_set=
ac_cv_env_host_alias_value=
ac_cv_env_target_alias_set=
ac_cv_env_target_alias_value=
ac_cv_func_flockfile=yes
ac_cv_func_fork=yes
ac_cv_func_fork_works=yes
ac_cv_func_fseeko=yes
ac_cv_func_getc_unlocked=yes
ac_cv_func_getrusage=yes
ac_cv_func_gettimeofday=yes
ac_cv_func_isatty=yes
ac_cv_func_perror=yes
ac_cv_func_pipe=yes
ac_cv_func_popen=yes
ac_cv_func_pthread_create=yes
ac_cv_func_putenv=yes
ac_cv_func_setenv=yes
ac_cv_func_sigaction=yes
ac_cv_func_sigprocmask=yes
ac_cv_func_time=yes
ac_cv_func_times=yes
ac_cv_func_vfork=yes
ac_cv_func_vfork_works=yes
ac_cv_func_wait=yes
ac_cv_header_errno_h=yes
ac_cv_header_inttypes_h=yes
ac_cv_header_memory_h=yes
ac_cv_header_pthread_h=yes
ac_cv_header_signal_h=yes
ac_cv_header_stdc=yes
ac_cv_header_stddef_h=yes
ac_cv_header_stdint_h=yes
ac_cv_header_stdlib_h=yes
ac_cv_header_string_h=yes
ac_cv_header_strings_h=yes
ac_cv_header_sys_stat_h=yes
ac_cv_header_sys_types_h=yes
ac_cv_header_sys_wait_h=yes
ac_cv_header_unistd_h=yes
ac_cv_header_vfork_h=no
ac_cv_host=x86_64-apple-darwin15.3.0
ac_cv_objext=o
ac_cv_path_EGREP='/usr/bin/grep -E'
ac_cv_path_GREP=/usr/bin/grep
ac_cv_prog_CPP='gcc -E'
ac_cv_prog_ac_ct_CC=gcc
ac_cv_prog_cc_c89=
ac_cv_prog_cc_g=yes
ac_cv_prog_sort_prog=sort
ac_cv_sizeof___int128_t=16
ac_cv_sizeof_int=4
ac_cv_sizeof_long=8
ac_cv_sizeof_long_long=8
ac_cv_sys_file_offset_bits=0
ac_cv_sys_largefile_CC=no
ac_cv_tls=
ac_cv_try_cflags_ok=yes
ac_cv_type_pid_t=yes

## ----------------- ##
## Output variables. ##
## ----------------- ##

CC='gcc'
CFLAGS=' -O3'
CPP='gcc -E'
CPPFLAGS=''
DEFS='-DPACKAGE_NAME=\"\" -DPACKAGE_TARNAME=\"\" -DPACKAGE_VERSION=\"\" -DPACKAGE_STRING=\"\" -DPACKAGE_BUGREPORT=\"\" -DPACKAGE_URL=\"\" -DHAVE_SYS_WAIT_H=1 -DSTDC_HEADERS=1 -DHAVE_SYS_TYPES_H=1 -DHAVE_SYS_STAT_H=1 -DHAVE_STDLIB_H=1 -DHAVE_STRING_H=1 -DHAVE_MEMORY_H=1 -DHAVE_STRINGS_H=1 -DHAVE_INTTYPES_H=1 -DHAVE_STDINT_H=1 -DHAVE_UNISTD_H=1 -DHAVE_SIGNAL_H=1 -DHAVE_STDDEF_H=1 -DHAVE_UNISTD_H=1 -DHAVE_SYS_TYPES_H=1 -DHAVE_SYS_WAIT_H=1 -DHAVE_STDLIB_H=1 -DHAVE_STRING_H=1 -DHAVE_ERRNO_H=1 -DHAVE_PTHREAD_H=1 -DSIZEOF_INT=4 -DSIZEOF_LONG=8 -DSIZEOF_LONG_LONG=8 -DSIZEOF___INT128_T=16 -DHAVE_FORK=1 -DHAVE_VFORK=1 -DHAVE_WORKING_VFORK=1 -DHAVE_WORKING_FORK=1'
ECHO_C='\c'
ECHO_N=''
ECHO_T=''
EGREP='/usr/bin/grep -E'
EXEEXT=''
GREP='/usr/bin/grep'
LDFLAGS=''
LIBOBJS=''
LIBS=''
LTLIBOBJS=''
MORECFLAGS=' -mpopcnt'
OBJEXT='o'
PACKAGE_BUGREPORT=''
PACKAGE_NAME=''
PACKAGE_STRING=''
PACKAGE_TARNAME=''
PACKAGE_URL=''
PACKAGE_VERSION=''
PATH_SEPARATOR=':'
SHELL='/bin/sh'
ac_ct_CC='gcc'
ac_cv_sizeof___int128_t='16'
ac_cv_sizeof_int='4'
ac_cv_sizeof_long='8'
ac_cv_sizeof_long_long='8'
ac_cv_sys_file_offset_bits='0'
ac_cv_tls=''
allow_interrupt='1'
bindir='${exec_prefix}/bin'
build='x86_64-apple-darwin15.3.0'
build_alias=''
build_cpu='x86_64'
build_os='darwin15.3.0'
build_vendor='apple'
datadir='${datarootdir}'
datarootdir='${prefix}/share'
default_wordsize='0'
docdir='${datarootdir}/doc/${PACKAGE}'
dvidir='${docdir}'
edit_msg='++++++ This file is automatically generated, don'\''t edit it by hand! ++++++'
exec_prefix='${prefix}'
fdopen_dec='1'
ftell_dec='1'
has_math_inf='1'
have_ansicontrols='0'
have_clz='1'
have_clzl='1'
have_clzll='1'
have_const='1'
have_fork='1'
have_fseeko='1'
have_getrusage='1'
have_gettimeofday='1'
have_hwpopcnt='1'
have_isatty='1'
have_mmpop32='0'
have_mmpop64='0'
have_perror='1'
have_pid_t='1'
have_pipe='1'
have_popcnt='1'
have_popcntl='1'
have_popcntll='1'
have_popen='1'
have_pthread='1'
have_putenv='1'
have_setenv='1'
have_sigaction='1'
have_sigprocmask='1'
have_time='1'
have_times='1'
have_tls='0'
have_wait='1'
header_errno_h='1'
header_pthread_h='1'
header_signal_h='1'
header_stddef_h='1'
header_stdlib_h='1'
header_string_h='1'
header_sys_types_h='1'
header_sys_wait_h='1'
header_unistd_h='1'
host='x86_64-apple-darwin15.3.0'
host_alias=''
host_cpu='x86_64'
host_os='darwin15.3.0'
host_vendor='apple'
htmldir='${docdir}'
includedir='${prefix}/include'
infodir='${datarootdir}/info'
libdir='${exec_prefix}/lib'
libexecdir='${exec_prefix}/libexec'
localedir='${datarootdir}/locale'
localstatedir='${prefix}/var'
lok='1'
malloc_dec='1'
mandir='${datarootdir}/man'
oldincludedir='/usr/include'
pdfdir='${docdir}'
popen_dec='1'
prefix='/usr/local'
program_transform_name='s,x,x,'
psdir='${docdir}'
putenv_dec='1'
sbindir='${exec_prefix}/sbin'
setenv_dec='1'
sharedstatedir='${prefix}/com'
shortg_or_null='shortg'
sort_newparams_ok='1'
sort_prog='sort'
stdio_nolock='1'
sysconfdir='${prefix}/etc'
target_alias=''
testprogs='dreadtest dreadtestS dreadtestS1 dreadtest4K dreadtest1 dreadtestW dreadtestW1 dreadtestL1 dreadtestL'
threadlib=''

## ----------- ##
## confdefs.h. ##
## ----------- ##

/* confdefs.h */
#define PACKAGE_NAME ""
#define PACKAGE_TARNAME ""
#define PACKAGE_VERSION ""
#define PACKAGE_STRING ""
#define PACKAGE_BUGREPORT ""
#define PACKAGE_URL ""
#define HAVE_SYS_WAIT_H 1
#define STDC_HEADERS 1
#define HAVE_SYS_TYPES_H 1
#define HAVE_SYS_STAT_H 1
#define HAVE_STDLIB_H 1
#define HAVE_STRING_H 1
#define HAVE_MEMORY_H 1
#define HAVE_STRINGS_H 1
#define HAVE_INTTYPES_H 1
#define HAVE_STDINT_H 1
#define HAVE_UNISTD_H 1
#define HAVE_SIGNAL_H 1
#define HAVE_STDDEF_H 1
#define HAVE_UNISTD_H 1
#define HAVE_SYS_TYPES_H 1
#define HAVE_SYS_WAIT_H 1
#define HAVE_STDLIB_H 1
#define HAVE_STRING_H 1
#define HAVE_ERRNO_H 1
#define HAVE_PTHREAD_H 1
#define SIZEOF_INT 4
#define SIZEOF_LONG 8
#define SIZEOF_LONG_LONG 8
#define SIZEOF___INT128_T 16
#define HAVE_FORK 1
#define HAVE_VFORK 1
#define HAVE_WORKING_VFORK 1
#define HAVE_WORKING_FORK 1

configure: exit 0
